<?xml version="1.0" encoding="UTF-8"?>
<!-- Generated by org.testng.reporters.JUnitXMLReporter -->
<testsuite ignored="3" hostname="MoayedBadawy" failures="0" tests="1" name="Default test" time="1.904" errors="0" timestamp="2025-03-16T06:41:23 EET">
  <testcase classname="api.ApiTests" name="createUser" time="1.604"/>
  <testcase classname="api.ApiTests" name="handleInvalidUser" time="0.0">
    <ignored/>
  </testcase> <!-- handleInvalidUser -->
  <testcase classname="api.ApiTests" name="updateUser" time="0.0">
    <ignored/>
  </testcase> <!-- updateUser -->
  <testcase classname="api.ApiTests" name="retrieveUser" time="0.0">
    <ignored/>
  </testcase> <!-- retrieveUser -->
</testsuite> <!-- Default test -->
