<?xml version="1.0" encoding="UTF-8"?>
<testng-results ignored="0" total="1" passed="1" failed="0" skipped="0">
  <reporter-output>
  </reporter-output>
  <suite started-at="2025-03-16T06:41:21 EET" name="Default suite" finished-at="2025-03-16T06:41:23 EET" duration-ms="1904">
    <groups>
    </groups>
    <test started-at="2025-03-16T06:41:21 EET" name="Default test" finished-at="2025-03-16T06:41:23 EET" duration-ms="1904">
      <class name="api.ApiTests">
        <test-method is-config="true" signature="setup()[pri:0, instance:api.ApiTests@4d1c00d0]" started-at="2025-03-16T06:41:21 EET" name="setup" finished-at="2025-03-16T06:41:21 EET" duration-ms="276" status="PASS">
          <reporter-output>
          </reporter-output>
        </test-method> <!-- setup -->
        <test-method signature="createUser()[pri:1, instance:api.ApiTests@4d1c00d0]" started-at="2025-03-16T06:41:21 EET" name="createUser" finished-at="2025-03-16T06:41:23 EET" duration-ms="1604" status="PASS">
          <reporter-output>
          </reporter-output>
        </test-method> <!-- createUser -->
      </class> <!-- api.ApiTests -->
    </test> <!-- Default test -->
  </suite> <!-- Default suite -->
</testng-results>
